libagorartc/build/outputs/logs/manifest-merger-debug-report.txt
-- Merging decision tree log ---
manifest
ADDED from Agora-Screen-Sharing-Android\libagorartc\AndroidManifest.xml:1:1-4:12
INJECTED from Agora-Screen-Sharing-Android\libagorartc\AndroidManifest.xml:1:1-4:12
INJECTED from Agora-Screen-Sharing-Android\libagorartc\AndroidManifest.xml:1:1-4:12
	package
		ADDED from Agora-Screen-Sharing-Android\libagorartc\AndroidManifest.xml:1:11-33
		INJECTED from Agora-Screen-Sharing-Android\libagorartc\AndroidManifest.xml
		INJECTED from Agora-Screen-Sharing-Android\libagorartc\AndroidManifest.xml
	xmlns:android
		ADDED from Agora-Screen-Sharing-Android\libagorartc\AndroidManifest.xml:2:11-69
uses-sdk
INJECTED from Agora-Screen-Sharing-Android\libagorartc\AndroidManifest.xml reason: use-sdk injection requested
INJECTED from Agora-Screen-Sharing-Android\libagorartc\AndroidManifest.xml
INJECTED from Agora-Screen-Sharing-Android\libagorartc\AndroidManifest.xml
INJECTED from Agora-Screen-Sharing-Android\libagorartc\AndroidManifest.xml
INJECTED from Agora-Screen-Sharing-Android\libagorartc\AndroidManifest.xml
	android:targetSdkVersion
		INJECTED from Agora-Screen-Sharing-Android\libagorartc\AndroidManifest.xml
		ADDED from Agora-Screen-Sharing-Android\libagorartc\AndroidManifest.xml
		INJECTED from Agora-Screen-Sharing-Android\libagorartc\AndroidManifest.xml
	android:minSdkVersion
		INJECTED from Agora-Screen-Sharing-Android\libagorartc\AndroidManifest.xml
		ADDED from Agora-Screen-Sharing-Android\libagorartc\AndroidManifest.xml
		INJECTED from Agora-Screen-Sharing-Android\libagorartc\AndroidManifest.xml